<?xml version="1.0" encoding="UTF-8"?>
<!-- Generated by org.testng.reporters.JUnitXMLReporter -->
<testsuite ignored="0" hostname="INLEN8520068873" failures="0" tests="4" name="Surefire test" time="17.765" errors="0" timestamp="2022-07-04T20:50:29 IST">
  <testcase classname="tests.CheckoutTest" name="ValidAddress" time="1.438"/>
  <testcase classname="tests.CheckoutTest" name="EmptyAddress" time="0.947"/>
  <testcase classname="tests.CheckoutTest" name="ShippingPriceTax" time="1.133"/>
  <testcase classname="tests.CheckoutTest" name="Successfullcheckout" time="1.212"/>
</testsuite> <!-- Surefire test -->
