<?xml version="1.0" encoding="UTF-8"?>
<testng-results ignored="0" total="4" passed="4" failed="0" skipped="0">
  <reporter-output>
  </reporter-output>
  <suite started-at="2022-07-04T20:50:11 IST" name="Surefire suite" finished-at="2022-07-04T20:50:29 IST" duration-ms="17765">
    <groups>
    </groups>
    <test started-at="2022-07-04T20:50:11 IST" name="Surefire test" finished-at="2022-07-04T20:50:29 IST" duration-ms="17765">
      <class name="tests.CheckoutTest">
        <test-method is-config="true" signature="setup()[pri:0, instance:tests.CheckoutTest@548a102f]" started-at="2022-07-04T20:50:11 IST" name="setup" finished-at="2022-07-04T20:50:15 IST" duration-ms="3800" status="PASS">
          <reporter-output>
          </reporter-output>
        </test-method> <!-- setup -->
        <test-method signature="ValidAddress()[pri:1, instance:tests.CheckoutTest@548a102f]" started-at="2022-07-04T20:50:15 IST" name="ValidAddress" finished-at="2022-07-04T20:50:16 IST" duration-ms="1438" status="PASS">
          <reporter-output>
          </reporter-output>
        </test-method> <!-- ValidAddress -->
        <test-method is-config="true" signature="tearDown()[pri:0, instance:tests.CheckoutTest@548a102f]" started-at="2022-07-04T20:50:16 IST" name="tearDown" finished-at="2022-07-04T20:50:17 IST" duration-ms="425" status="PASS">
          <reporter-output>
          </reporter-output>
        </test-method> <!-- tearDown -->
        <test-method is-config="true" signature="setup()[pri:0, instance:tests.CheckoutTest@548a102f]" started-at="2022-07-04T20:50:17 IST" name="setup" finished-at="2022-07-04T20:50:20 IST" duration-ms="2731" status="PASS">
          <reporter-output>
          </reporter-output>
        </test-method> <!-- setup -->
        <test-method signature="EmptyAddress()[pri:2, instance:tests.CheckoutTest@548a102f]" started-at="2022-07-04T20:50:20 IST" name="EmptyAddress" finished-at="2022-07-04T20:50:20 IST" duration-ms="947" status="PASS">
          <reporter-output>
          </reporter-output>
        </test-method> <!-- EmptyAddress -->
        <test-method is-config="true" signature="tearDown()[pri:0, instance:tests.CheckoutTest@548a102f]" started-at="2022-07-04T20:50:20 IST" name="tearDown" finished-at="2022-07-04T20:50:21 IST" duration-ms="317" status="PASS">
          <reporter-output>
          </reporter-output>
        </test-method> <!-- tearDown -->
        <test-method is-config="true" signature="setup()[pri:0, instance:tests.CheckoutTest@548a102f]" started-at="2022-07-04T20:50:21 IST" name="setup" finished-at="2022-07-04T20:50:23 IST" duration-ms="2463" status="PASS">
          <reporter-output>
          </reporter-output>
        </test-method> <!-- setup -->
        <test-method signature="ShippingPriceTax()[pri:3, instance:tests.CheckoutTest@548a102f]" started-at="2022-07-04T20:50:23 IST" name="ShippingPriceTax" finished-at="2022-07-04T20:50:24 IST" duration-ms="1133" status="PASS">
          <reporter-output>
          </reporter-output>
        </test-method> <!-- ShippingPriceTax -->
        <test-method is-config="true" signature="tearDown()[pri:0, instance:tests.CheckoutTest@548a102f]" started-at="2022-07-04T20:50:24 IST" name="tearDown" finished-at="2022-07-04T20:50:25 IST" duration-ms="382" status="PASS">
          <reporter-output>
          </reporter-output>
        </test-method> <!-- tearDown -->
        <test-method is-config="true" signature="setup()[pri:0, instance:tests.CheckoutTest@548a102f]" started-at="2022-07-04T20:50:25 IST" name="setup" finished-at="2022-07-04T20:50:27 IST" duration-ms="2570" status="PASS">
          <reporter-output>
          </reporter-output>
        </test-method> <!-- setup -->
        <test-method signature="Successfullcheckout()[pri:4, instance:tests.CheckoutTest@548a102f]" started-at="2022-07-04T20:50:27 IST" name="Successfullcheckout" finished-at="2022-07-04T20:50:29 IST" duration-ms="1212" status="PASS">
          <reporter-output>
          </reporter-output>
        </test-method> <!-- Successfullcheckout -->
        <test-method is-config="true" signature="tearDown()[pri:0, instance:tests.CheckoutTest@548a102f]" started-at="2022-07-04T20:50:29 IST" name="tearDown" finished-at="2022-07-04T20:50:29 IST" duration-ms="307" status="PASS">
          <reporter-output>
          </reporter-output>
        </test-method> <!-- tearDown -->
      </class> <!-- tests.CheckoutTest -->
    </test> <!-- Surefire test -->
  </suite> <!-- Surefire suite -->
</testng-results>
