<?xml version="1.0" encoding="UTF-8"?>
<!-- Generated by org.testng.reporters.JUnitXMLReporter -->
<testsuite ignored="0" hostname="INLEN8520068873" failures="0" tests="5" name="CheckoutTest" time="12.115" errors="0" timestamp="2022-07-06T09:34:52 IST">
  <testcase classname="tests.CheckoutTest" name="ValidAddress" time="0.702"/>
  <testcase classname="tests.CheckoutTest" name="EmptyAddress" time="0.571"/>
  <testcase classname="tests.CheckoutTest" name="ShippingPriceTax" time="0.68"/>
  <testcase classname="tests.CheckoutTest" name="EmptyCartcheckout" time="0.681"/>
  <testcase classname="tests.CheckoutTest" name="Successfullcheckout" time="0.736"/>
</testsuite> <!-- CheckoutTest -->
